
  0       0         231.56    380.63    0.10    0.05    0.53    0.00
  1     200       30423.03  60336.32   49.29   57.94   42.89    0.49
  2     400        7468.20  14492.43   67.84   69.85   65.93    0.68
  4     600        6259.98   9788.90   74.21   74.13   74.28    0.74
  5     800        5770.18   7171.79   74.87   75.61   74.15    0.75
  6    1000        3470.37   5304.66   76.37   76.65   76.09    0.76
  8    1200        3735.23   4146.13   76.80   77.66   75.95    0.77
  9    1400        2933.10   3421.30   80.45   78.92   82.03    0.80
 11    1600        2231.02   2790.67   78.22   76.85   79.63    0.78
 12    1800        1801.30   2331.72   80.00   79.32   80.69    0.80
 13    2000        1592.09   1984.38   81.02   80.35   81.70    0.81
 15    2200        1441.92   1704.17   78.72   78.74   78.69    0.79
 16    2400        2217.54   1655.81   79.77   79.59   79.96    0.80
 18    2600        1283.64   1455.85   79.91   79.59   80.23    0.80
 19    2800        3471.54   1370.61   81.20   81.17   81.23    0.81
 20    3000        3828.54   1232.61   81.27   80.66   81.90    0.81
 22    3200        2550.42   1184.71   81.51   80.87   82.16    0.82
 23    3400        1010.99   1000.68   80.62   79.70   81.56    0.81
 25    3600        1447.75    953.74   80.28   80.47   80.09    0.80
 26    3800        2452.71    957.28   80.26   79.45   81.10    0.80
 27    4000         780.43    776.63   81.62   80.64   82.63    0.82
 29    4200         796.07    753.35   80.00   79.19   80.83    0.80
 30    4400         802.36    726.77   79.59   78.96   80.23    0.80
 31    4600        3100.78    731.16   81.40   81.84   80.96    0.81
 33    4800         937.92    698.76   81.27   81.52   81.03    0.81